<?xml version="1.0" encoding="UTF-8"?>
<coverage generated="1582277203225" clover="3.2.0">
  <project timestamp="1582277203225" name="All files">
    <metrics statements="19" coveredstatements="17" conditionals="0" coveredconditionals="0" methods="5" coveredmethods="3" elements="24" coveredelements="20" complexity="0" loc="19" ncloc="19" packages="1" files="1" classes="1"/>
    <file name="app.js" path="D:\Full Stack\Back-End\koa1\src\app.js">
      <metrics statements="19" coveredstatements="17" conditionals="0" coveredconditionals="0" methods="5" coveredmethods="3"/>
      <line num="1" count="1" type="stmt"/>
      <line num="2" count="1" type="stmt"/>
      <line num="3" count="1" type="stmt"/>
      <line num="4" count="1" type="stmt"/>
      <line num="5" count="1" type="stmt"/>
      <line num="7" count="1" type="stmt"/>
      <line num="8" count="0" type="stmt"/>
      <line num="11" count="1" type="stmt"/>
      <line num="12" count="1" type="stmt"/>
      <line num="15" count="1" type="stmt"/>
      <line num="16" count="1" type="stmt"/>
      <line num="17" count="1" type="stmt"/>
      <line num="18" count="1" type="stmt"/>
      <line num="19" count="1" type="stmt"/>
      <line num="20" count="1" type="stmt"/>
      <line num="24" count="1" type="stmt"/>
      <line num="27" count="1" type="stmt"/>
      <line num="28" count="0" type="stmt"/>
      <line num="31" count="1" type="stmt"/>
    </file>
  </project>
</coverage>
